2025-09-27 15:35:48,538 - comtypes.client._code_cache - INFO - Imported existing <module 'comtypes.gen' from 'C:\\Users\\melis\\AppData\\Local\\Programs\\Python\\Python311\\Lib\\site-packages\\comtypes\\gen\\__init__.py'>
2025-09-27 15:35:48,539 - comtypes.client._code_cache - INFO - Using writeable comtypes cache directory: 'C:\Users\melis\AppData\Local\Programs\Python\Python311\Lib\site-packages\comtypes\gen'
2025-09-27 19:36:37,891 - comtypes.client._code_cache - INFO - Imported existing <module 'comtypes.gen' from 'C:\\Users\\melis\\AppData\\Local\\Programs\\Python\\Python311\\Lib\\site-packages\\comtypes\\gen\\__init__.py'>
2025-09-27 19:36:37,896 - comtypes.client._code_cache - INFO - Using writeable comtypes cache directory: 'C:\Users\melis\AppData\Local\Programs\Python\Python311\Lib\site-packages\comtypes\gen'
2025-09-28 17:04:55,990 - comtypes.client._code_cache - INFO - Imported existing <module 'comtypes.gen' from 'C:\\Users\\papye\\AppData\\Local\\Packages\\PythonSoftwareFoundation.Python.3.11_qbz5n2kfra8p0\\LocalCache\\local-packages\\Python311\\site-packages\\comtypes\\gen\\__init__.py'>
2025-09-28 17:04:55,995 - comtypes.client._code_cache - INFO - Using writeable comtypes cache directory: 'C:\Users\papye\AppData\Local\Packages\PythonSoftwareFoundation.Python.3.11_qbz5n2kfra8p0\LocalCache\local-packages\Python311\site-packages\comtypes\gen'
2025-10-01 16:49:25,260 - root - ERROR - Error en aplicación principal: 'GestureClassifier' object has no attribute 'create_simple_classifier'
2025-10-01 16:53:47,168 - comtypes.client._code_cache - INFO - Imported existing <module 'comtypes.gen' from 'C:\\Users\\papye\\AppData\\Local\\Packages\\PythonSoftwareFoundation.Python.3.11_qbz5n2kfra8p0\\LocalCache\\local-packages\\Python311\\site-packages\\comtypes\\gen\\__init__.py'>
2025-10-01 16:53:47,168 - comtypes.client._code_cache - INFO - Using writeable comtypes cache directory: 'C:\Users\papye\AppData\Local\Packages\PythonSoftwareFoundation.Python.3.11_qbz5n2kfra8p0\LocalCache\local-packages\Python311\site-packages\comtypes\gen'
2025-10-01 17:56:41,569 - comtypes.client._code_cache - INFO - Imported existing <module 'comtypes.gen' from 'C:\\Users\\papye\\AppData\\Local\\Packages\\PythonSoftwareFoundation.Python.3.11_qbz5n2kfra8p0\\LocalCache\\local-packages\\Python311\\site-packages\\comtypes\\gen\\__init__.py'>
2025-10-01 17:56:41,570 - comtypes.client._code_cache - INFO - Using writeable comtypes cache directory: 'C:\Users\papye\AppData\Local\Packages\PythonSoftwareFoundation.Python.3.11_qbz5n2kfra8p0\LocalCache\local-packages\Python311\site-packages\comtypes\gen'
2025-10-01 18:54:41,333 - comtypes.client._code_cache - INFO - Imported existing <module 'comtypes.gen' from 'C:\\Users\\papye\\AppData\\Local\\Packages\\PythonSoftwareFoundation.Python.3.11_qbz5n2kfra8p0\\LocalCache\\local-packages\\Python311\\site-packages\\comtypes\\gen\\__init__.py'>
2025-10-01 18:54:41,333 - comtypes.client._code_cache - INFO - Using writeable comtypes cache directory: 'C:\Users\papye\AppData\Local\Packages\PythonSoftwareFoundation.Python.3.11_qbz5n2kfra8p0\LocalCache\local-packages\Python311\site-packages\comtypes\gen'
2025-10-01 18:57:36,164 - comtypes.client._code_cache - INFO - Imported existing <module 'comtypes.gen' from 'C:\\Users\\papye\\AppData\\Local\\Packages\\PythonSoftwareFoundation.Python.3.11_qbz5n2kfra8p0\\LocalCache\\local-packages\\Python311\\site-packages\\comtypes\\gen\\__init__.py'>
2025-10-01 18:57:36,164 - comtypes.client._code_cache - INFO - Using writeable comtypes cache directory: 'C:\Users\papye\AppData\Local\Packages\PythonSoftwareFoundation.Python.3.11_qbz5n2kfra8p0\LocalCache\local-packages\Python311\site-packages\comtypes\gen'
2025-10-01 19:00:18,311 - comtypes.client._code_cache - INFO - Imported existing <module 'comtypes.gen' from 'C:\\Users\\papye\\AppData\\Local\\Packages\\PythonSoftwareFoundation.Python.3.11_qbz5n2kfra8p0\\LocalCache\\local-packages\\Python311\\site-packages\\comtypes\\gen\\__init__.py'>
2025-10-01 19:00:18,312 - comtypes.client._code_cache - INFO - Using writeable comtypes cache directory: 'C:\Users\papye\AppData\Local\Packages\PythonSoftwareFoundation.Python.3.11_qbz5n2kfra8p0\LocalCache\local-packages\Python311\site-packages\comtypes\gen'
2025-10-01 19:04:28,162 - comtypes.client._code_cache - INFO - Imported existing <module 'comtypes.gen' from 'C:\\Users\\papye\\AppData\\Local\\Packages\\PythonSoftwareFoundation.Python.3.11_qbz5n2kfra8p0\\LocalCache\\local-packages\\Python311\\site-packages\\comtypes\\gen\\__init__.py'>
2025-10-01 19:04:28,162 - comtypes.client._code_cache - INFO - Using writeable comtypes cache directory: 'C:\Users\papye\AppData\Local\Packages\PythonSoftwareFoundation.Python.3.11_qbz5n2kfra8p0\LocalCache\local-packages\Python311\site-packages\comtypes\gen'
2025-10-02 10:23:43,381 - comtypes.client._code_cache - INFO - Imported existing <module 'comtypes.gen' from 'C:\\Users\\papye\\AppData\\Local\\Packages\\PythonSoftwareFoundation.Python.3.11_qbz5n2kfra8p0\\LocalCache\\local-packages\\Python311\\site-packages\\comtypes\\gen\\__init__.py'>
2025-10-02 10:23:43,381 - comtypes.client._code_cache - INFO - Using writeable comtypes cache directory: 'C:\Users\papye\AppData\Local\Packages\PythonSoftwareFoundation.Python.3.11_qbz5n2kfra8p0\LocalCache\local-packages\Python311\site-packages\comtypes\gen'
2025-10-02 11:18:27,943 - comtypes.client._code_cache - INFO - Imported existing <module 'comtypes.gen' from 'C:\\Users\\papye\\AppData\\Local\\Packages\\PythonSoftwareFoundation.Python.3.11_qbz5n2kfra8p0\\LocalCache\\local-packages\\Python311\\site-packages\\comtypes\\gen\\__init__.py'>
2025-10-02 11:18:27,944 - comtypes.client._code_cache - INFO - Using writeable comtypes cache directory: 'C:\Users\papye\AppData\Local\Packages\PythonSoftwareFoundation.Python.3.11_qbz5n2kfra8p0\LocalCache\local-packages\Python311\site-packages\comtypes\gen'
2025-10-02 11:28:54,587 - comtypes.client._code_cache - INFO - Imported existing <module 'comtypes.gen' from 'C:\\Users\\papye\\AppData\\Local\\Packages\\PythonSoftwareFoundation.Python.3.11_qbz5n2kfra8p0\\LocalCache\\local-packages\\Python311\\site-packages\\comtypes\\gen\\__init__.py'>
2025-10-02 11:28:54,587 - comtypes.client._code_cache - INFO - Using writeable comtypes cache directory: 'C:\Users\papye\AppData\Local\Packages\PythonSoftwareFoundation.Python.3.11_qbz5n2kfra8p0\LocalCache\local-packages\Python311\site-packages\comtypes\gen'
2025-10-02 11:34:36,099 - comtypes.client._code_cache - INFO - Imported existing <module 'comtypes.gen' from 'C:\\Users\\papye\\AppData\\Local\\Packages\\PythonSoftwareFoundation.Python.3.11_qbz5n2kfra8p0\\LocalCache\\local-packages\\Python311\\site-packages\\comtypes\\gen\\__init__.py'>
2025-10-02 11:34:36,104 - comtypes.client._code_cache - INFO - Using writeable comtypes cache directory: 'C:\Users\papye\AppData\Local\Packages\PythonSoftwareFoundation.Python.3.11_qbz5n2kfra8p0\LocalCache\local-packages\Python311\site-packages\comtypes\gen'
2025-10-02 21:11:39,909 - comtypes.client._code_cache - INFO - Imported existing <module 'comtypes.gen' from 'C:\\Users\\papye\\AppData\\Local\\Packages\\PythonSoftwareFoundation.Python.3.11_qbz5n2kfra8p0\\LocalCache\\local-packages\\Python311\\site-packages\\comtypes\\gen\\__init__.py'>
2025-10-02 21:11:39,909 - comtypes.client._code_cache - INFO - Using writeable comtypes cache directory: 'C:\Users\papye\AppData\Local\Packages\PythonSoftwareFoundation.Python.3.11_qbz5n2kfra8p0\LocalCache\local-packages\Python311\site-packages\comtypes\gen'
2025-10-02 22:43:35,809 - comtypes.client._code_cache - INFO - Imported existing <module 'comtypes.gen' from 'C:\\Users\\papye\\AppData\\Local\\Packages\\PythonSoftwareFoundation.Python.3.11_qbz5n2kfra8p0\\LocalCache\\local-packages\\Python311\\site-packages\\comtypes\\gen\\__init__.py'>
2025-10-02 22:43:35,811 - comtypes.client._code_cache - INFO - Using writeable comtypes cache directory: 'C:\Users\papye\AppData\Local\Packages\PythonSoftwareFoundation.Python.3.11_qbz5n2kfra8p0\LocalCache\local-packages\Python311\site-packages\comtypes\gen'
